<?xml version="1.0" encoding="UTF-8"?>
<testsuite xmlns:xsi="http://www.w3.org/2001/XMLSchema-instance" xsi:noNamespaceSchemaLocation="https://maven.apache.org/surefire/maven-surefire-plugin/xsd/surefire-test-report.xsd" name="zoran.AppTest" time="0.039" tests="1" errors="0" skipped="0" failures="0">
  <properties>
    <property name="java.specification.version" value="21"/>
    <property name="sun.jnu.encoding" value="UTF-8"/>
    <property name="java.class.path" value="/Users/admin/VS Code/pet-store-api-taf/pet-store/target/test-classes:/Users/admin/VS Code/pet-store-api-taf/pet-store/target/classes:/Users/admin/.m2/repository/org/junit/jupiter/junit-jupiter-api/5.10.0/junit-jupiter-api-5.10.0.jar:/Users/admin/.m2/repository/org/opentest4j/opentest4j/1.3.0/opentest4j-1.3.0.jar:/Users/admin/.m2/repository/org/junit/platform/junit-platform-commons/1.10.0/junit-platform-commons-1.10.0.jar:/Users/admin/.m2/repository/org/apiguardian/apiguardian-api/1.1.2/apiguardian-api-1.1.2.jar:/Users/admin/.m2/repository/org/junit/jupiter/junit-jupiter-engine/5.10.0/junit-jupiter-engine-5.10.0.jar:/Users/admin/.m2/repository/org/junit/platform/junit-platform-engine/1.10.0/junit-platform-engine-1.10.0.jar:/Users/admin/.m2/repository/io/rest-assured/rest-assured/5.3.0/rest-assured-5.3.0.jar:/Users/admin/.m2/repository/org/apache/groovy/groovy/4.0.6/groovy-4.0.6.jar:/Users/admin/.m2/repository/org/apache/groovy/groovy-xml/4.0.6/groovy-xml-4.0.6.jar:/Users/admin/.m2/repository/org/apache/httpcomponents/httpclient/4.5.13/httpclient-4.5.13.jar:/Users/admin/.m2/repository/org/apache/httpcomponents/httpcore/4.4.13/httpcore-4.4.13.jar:/Users/admin/.m2/repository/commons-logging/commons-logging/1.2/commons-logging-1.2.jar:/Users/admin/.m2/repository/commons-codec/commons-codec/1.11/commons-codec-1.11.jar:/Users/admin/.m2/repository/org/apache/httpcomponents/httpmime/4.5.13/httpmime-4.5.13.jar:/Users/admin/.m2/repository/org/hamcrest/hamcrest/2.1/hamcrest-2.1.jar:/Users/admin/.m2/repository/org/ccil/cowan/tagsoup/tagsoup/1.2.1/tagsoup-1.2.1.jar:/Users/admin/.m2/repository/io/rest-assured/json-path/5.3.0/json-path-5.3.0.jar:/Users/admin/.m2/repository/org/apache/groovy/groovy-json/4.0.6/groovy-json-4.0.6.jar:/Users/admin/.m2/repository/io/rest-assured/rest-assured-common/5.3.0/rest-assured-common-5.3.0.jar:/Users/admin/.m2/repository/io/rest-assured/xml-path/5.3.0/xml-path-5.3.0.jar:/Users/admin/.m2/repository/io/rest-assured/json-schema-validator/5.3.2/json-schema-validator-5.3.2.jar:/Users/admin/.m2/repository/com/github/java-json-tools/json-schema-validator/2.2.14/json-schema-validator-2.2.14.jar:/Users/admin/.m2/repository/com/github/java-json-tools/jackson-coreutils-equivalence/1.0/jackson-coreutils-equivalence-1.0.jar:/Users/admin/.m2/repository/com/github/java-json-tools/jackson-coreutils/2.0/jackson-coreutils-2.0.jar:/Users/admin/.m2/repository/com/github/java-json-tools/msg-simple/1.2/msg-simple-1.2.jar:/Users/admin/.m2/repository/com/github/java-json-tools/btf/1.3/btf-1.3.jar:/Users/admin/.m2/repository/com/github/java-json-tools/json-schema-core/1.2.14/json-schema-core-1.2.14.jar:/Users/admin/.m2/repository/com/github/java-json-tools/uri-template/0.10/uri-template-0.10.jar:/Users/admin/.m2/repository/org/mozilla/rhino/1.7.7.2/rhino-1.7.7.2.jar:/Users/admin/.m2/repository/com/sun/mail/mailapi/1.6.2/mailapi-1.6.2.jar:/Users/admin/.m2/repository/joda-time/joda-time/2.10.5/joda-time-2.10.5.jar:/Users/admin/.m2/repository/com/googlecode/libphonenumber/libphonenumber/8.11.1/libphonenumber-8.11.1.jar:/Users/admin/.m2/repository/com/google/code/findbugs/jsr305/3.0.2/jsr305-3.0.2.jar:/Users/admin/.m2/repository/net/sf/jopt-simple/jopt-simple/5.0.4/jopt-simple-5.0.4.jar:/Users/admin/.m2/repository/com/google/guava/guava/32.0.1-jre/guava-32.0.1-jre.jar:/Users/admin/.m2/repository/com/google/guava/failureaccess/1.0.1/failureaccess-1.0.1.jar:/Users/admin/.m2/repository/com/google/guava/listenablefuture/9999.0-empty-to-avoid-conflict-with-guava/listenablefuture-9999.0-empty-to-avoid-conflict-with-guava.jar:/Users/admin/.m2/repository/org/checkerframework/checker-qual/3.33.0/checker-qual-3.33.0.jar:/Users/admin/.m2/repository/com/google/errorprone/error_prone_annotations/2.18.0/error_prone_annotations-2.18.0.jar:/Users/admin/.m2/repository/com/google/j2objc/j2objc-annotations/2.8/j2objc-annotations-2.8.jar:/Users/admin/.m2/repository/io/cucumber/cucumber-java/7.15.0/cucumber-java-7.15.0.jar:/Users/admin/.m2/repository/io/cucumber/cucumber-core/7.15.0/cucumber-core-7.15.0.jar:/Users/admin/.m2/repository/io/cucumber/cucumber-gherkin/7.15.0/cucumber-gherkin-7.15.0.jar:/Users/admin/.m2/repository/io/cucumber/cucumber-gherkin-messages/7.15.0/cucumber-gherkin-messages-7.15.0.jar:/Users/admin/.m2/repository/io/cucumber/messages/22.0.0/messages-22.0.0.jar:/Users/admin/.m2/repository/io/cucumber/tag-expressions/6.0.0/tag-expressions-6.0.0.jar:/Users/admin/.m2/repository/io/cucumber/cucumber-expressions/17.0.1/cucumber-expressions-17.0.1.jar:/Users/admin/.m2/repository/io/cucumber/datatable/7.15.0/datatable-7.15.0.jar:/Users/admin/.m2/repository/io/cucumber/cucumber-plugin/7.15.0/cucumber-plugin-7.15.0.jar:/Users/admin/.m2/repository/io/cucumber/docstring/7.15.0/docstring-7.15.0.jar:/Users/admin/.m2/repository/io/cucumber/html-formatter/20.4.0/html-formatter-20.4.0.jar:/Users/admin/.m2/repository/io/cucumber/junit-xml-formatter/0.2.0/junit-xml-formatter-0.2.0.jar:/Users/admin/.m2/repository/io/cucumber/ci-environment/10.0.0/ci-environment-10.0.0.jar:/Users/admin/.m2/repository/io/cucumber/cucumber-junit-platform-engine/7.15.0/cucumber-junit-platform-engine-7.15.0.jar:/Users/admin/.m2/repository/io/swagger/core/v3/swagger-core/2.2.19/swagger-core-2.2.19.jar:/Users/admin/.m2/repository/jakarta/xml/bind/jakarta.xml.bind-api/2.3.2/jakarta.xml.bind-api-2.3.2.jar:/Users/admin/.m2/repository/jakarta/activation/jakarta.activation-api/1.2.1/jakarta.activation-api-1.2.1.jar:/Users/admin/.m2/repository/org/apache/commons/commons-lang3/3.13.0/commons-lang3-3.13.0.jar:/Users/admin/.m2/repository/org/slf4j/slf4j-api/2.0.9/slf4j-api-2.0.9.jar:/Users/admin/.m2/repository/com/fasterxml/jackson/core/jackson-annotations/2.15.2/jackson-annotations-2.15.2.jar:/Users/admin/.m2/repository/com/fasterxml/jackson/core/jackson-databind/2.15.2/jackson-databind-2.15.2.jar:/Users/admin/.m2/repository/com/fasterxml/jackson/core/jackson-core/2.15.2/jackson-core-2.15.2.jar:/Users/admin/.m2/repository/com/fasterxml/jackson/dataformat/jackson-dataformat-yaml/2.15.2/jackson-dataformat-yaml-2.15.2.jar:/Users/admin/.m2/repository/com/fasterxml/jackson/datatype/jackson-datatype-jsr310/2.15.2/jackson-datatype-jsr310-2.15.2.jar:/Users/admin/.m2/repository/io/swagger/core/v3/swagger-annotations/2.2.19/swagger-annotations-2.2.19.jar:/Users/admin/.m2/repository/org/yaml/snakeyaml/2.2/snakeyaml-2.2.jar:/Users/admin/.m2/repository/io/swagger/core/v3/swagger-models/2.2.19/swagger-models-2.2.19.jar:/Users/admin/.m2/repository/io/swagger/parser/v3/swagger-parser/2.1.16/swagger-parser-2.1.16.jar:/Users/admin/.m2/repository/io/swagger/parser/v3/swagger-parser-v2-converter/2.1.16/swagger-parser-v2-converter-2.1.16.jar:/Users/admin/.m2/repository/io/swagger/swagger-core/1.6.11/swagger-core-1.6.11.jar:/Users/admin/.m2/repository/io/swagger/swagger-models/1.6.11/swagger-models-1.6.11.jar:/Users/admin/.m2/repository/io/swagger/swagger-annotations/1.6.11/swagger-annotations-1.6.11.jar:/Users/admin/.m2/repository/io/swagger/swagger-parser/1.0.67/swagger-parser-1.0.67.jar:/Users/admin/.m2/repository/io/swagger/swagger-compat-spec-parser/1.0.67/swagger-compat-spec-parser-1.0.67.jar:/Users/admin/.m2/repository/com/github/java-json-tools/json-patch/1.13/json-patch-1.13.jar:/Users/admin/.m2/repository/io/swagger/parser/v3/swagger-parser-core/2.1.16/swagger-parser-core-2.1.16.jar:/Users/admin/.m2/repository/io/swagger/parser/v3/swagger-parser-v3/2.1.16/swagger-parser-v3-2.1.16.jar:/Users/admin/.m2/repository/io/swagger/parser/v3/swagger-parser-safe-url-resolver/2.1.16/swagger-parser-safe-url-resolver-2.1.16.jar:/Users/admin/.m2/repository/commons-io/commons-io/2.11.0/commons-io-2.11.0.jar:/Users/admin/.m2/repository/jakarta/validation/jakarta.validation-api/3.0.2/jakarta.validation-api-3.0.2.jar:/Users/admin/.m2/repository/io/qameta/allure/allure-cucumber7-jvm/2.24.0/allure-cucumber7-jvm-2.24.0.jar:/Users/admin/.m2/repository/io/qameta/allure/allure-java-commons/2.24.0/allure-java-commons-2.24.0.jar:/Users/admin/.m2/repository/io/qameta/allure/allure-model/2.24.0/allure-model-2.24.0.jar:/Users/admin/.m2/repository/io/cucumber/gherkin/26.2.0/gherkin-26.2.0.jar:/Users/admin/.m2/repository/org/projectlombok/lombok/1.18.30/lombok-1.18.30.jar:"/>
    <property name="java.vm.vendor" value="Homebrew"/>
    <property name="sun.arch.data.model" value="64"/>
    <property name="java.vendor.url" value="https://github.com/Homebrew/homebrew-core/issues"/>
    <property name="os.name" value="Mac OS X"/>
    <property name="java.vm.specification.version" value="21"/>
    <property name="sun.java.launcher" value="SUN_STANDARD"/>
    <property name="user.country" value="GB"/>
    <property name="sun.boot.library.path" value="/usr/local/Cellar/openjdk/21/libexec/openjdk.jdk/Contents/Home/lib"/>
    <property name="sun.java.command" value="/Users/admin/VS Code/pet-store-api-taf/pet-store/target/surefire/surefirebooter964524126256394452.jar /Users/admin/VS Code/pet-store-api-taf/pet-store/target/surefire 2025-06-14T13-58-38_903-jvmRun1 surefire3220661877177562151tmp surefire_06089897924276643712tmp"/>
    <property name="http.nonProxyHosts" value="local|*.local|169.254/16|*.169.254/16"/>
    <property name="jdk.debug" value="release"/>
    <property name="surefire.test.class.path" value="/Users/admin/VS Code/pet-store-api-taf/pet-store/target/test-classes:/Users/admin/VS Code/pet-store-api-taf/pet-store/target/classes:/Users/admin/.m2/repository/org/junit/jupiter/junit-jupiter-api/5.10.0/junit-jupiter-api-5.10.0.jar:/Users/admin/.m2/repository/org/opentest4j/opentest4j/1.3.0/opentest4j-1.3.0.jar:/Users/admin/.m2/repository/org/junit/platform/junit-platform-commons/1.10.0/junit-platform-commons-1.10.0.jar:/Users/admin/.m2/repository/org/apiguardian/apiguardian-api/1.1.2/apiguardian-api-1.1.2.jar:/Users/admin/.m2/repository/org/junit/jupiter/junit-jupiter-engine/5.10.0/junit-jupiter-engine-5.10.0.jar:/Users/admin/.m2/repository/org/junit/platform/junit-platform-engine/1.10.0/junit-platform-engine-1.10.0.jar:/Users/admin/.m2/repository/io/rest-assured/rest-assured/5.3.0/rest-assured-5.3.0.jar:/Users/admin/.m2/repository/org/apache/groovy/groovy/4.0.6/groovy-4.0.6.jar:/Users/admin/.m2/repository/org/apache/groovy/groovy-xml/4.0.6/groovy-xml-4.0.6.jar:/Users/admin/.m2/repository/org/apache/httpcomponents/httpclient/4.5.13/httpclient-4.5.13.jar:/Users/admin/.m2/repository/org/apache/httpcomponents/httpcore/4.4.13/httpcore-4.4.13.jar:/Users/admin/.m2/repository/commons-logging/commons-logging/1.2/commons-logging-1.2.jar:/Users/admin/.m2/repository/commons-codec/commons-codec/1.11/commons-codec-1.11.jar:/Users/admin/.m2/repository/org/apache/httpcomponents/httpmime/4.5.13/httpmime-4.5.13.jar:/Users/admin/.m2/repository/org/hamcrest/hamcrest/2.1/hamcrest-2.1.jar:/Users/admin/.m2/repository/org/ccil/cowan/tagsoup/tagsoup/1.2.1/tagsoup-1.2.1.jar:/Users/admin/.m2/repository/io/rest-assured/json-path/5.3.0/json-path-5.3.0.jar:/Users/admin/.m2/repository/org/apache/groovy/groovy-json/4.0.6/groovy-json-4.0.6.jar:/Users/admin/.m2/repository/io/rest-assured/rest-assured-common/5.3.0/rest-assured-common-5.3.0.jar:/Users/admin/.m2/repository/io/rest-assured/xml-path/5.3.0/xml-path-5.3.0.jar:/Users/admin/.m2/repository/io/rest-assured/json-schema-validator/5.3.2/json-schema-validator-5.3.2.jar:/Users/admin/.m2/repository/com/github/java-json-tools/json-schema-validator/2.2.14/json-schema-validator-2.2.14.jar:/Users/admin/.m2/repository/com/github/java-json-tools/jackson-coreutils-equivalence/1.0/jackson-coreutils-equivalence-1.0.jar:/Users/admin/.m2/repository/com/github/java-json-tools/jackson-coreutils/2.0/jackson-coreutils-2.0.jar:/Users/admin/.m2/repository/com/github/java-json-tools/msg-simple/1.2/msg-simple-1.2.jar:/Users/admin/.m2/repository/com/github/java-json-tools/btf/1.3/btf-1.3.jar:/Users/admin/.m2/repository/com/github/java-json-tools/json-schema-core/1.2.14/json-schema-core-1.2.14.jar:/Users/admin/.m2/repository/com/github/java-json-tools/uri-template/0.10/uri-template-0.10.jar:/Users/admin/.m2/repository/org/mozilla/rhino/1.7.7.2/rhino-1.7.7.2.jar:/Users/admin/.m2/repository/com/sun/mail/mailapi/1.6.2/mailapi-1.6.2.jar:/Users/admin/.m2/repository/joda-time/joda-time/2.10.5/joda-time-2.10.5.jar:/Users/admin/.m2/repository/com/googlecode/libphonenumber/libphonenumber/8.11.1/libphonenumber-8.11.1.jar:/Users/admin/.m2/repository/com/google/code/findbugs/jsr305/3.0.2/jsr305-3.0.2.jar:/Users/admin/.m2/repository/net/sf/jopt-simple/jopt-simple/5.0.4/jopt-simple-5.0.4.jar:/Users/admin/.m2/repository/com/google/guava/guava/32.0.1-jre/guava-32.0.1-jre.jar:/Users/admin/.m2/repository/com/google/guava/failureaccess/1.0.1/failureaccess-1.0.1.jar:/Users/admin/.m2/repository/com/google/guava/listenablefuture/9999.0-empty-to-avoid-conflict-with-guava/listenablefuture-9999.0-empty-to-avoid-conflict-with-guava.jar:/Users/admin/.m2/repository/org/checkerframework/checker-qual/3.33.0/checker-qual-3.33.0.jar:/Users/admin/.m2/repository/com/google/errorprone/error_prone_annotations/2.18.0/error_prone_annotations-2.18.0.jar:/Users/admin/.m2/repository/com/google/j2objc/j2objc-annotations/2.8/j2objc-annotations-2.8.jar:/Users/admin/.m2/repository/io/cucumber/cucumber-java/7.15.0/cucumber-java-7.15.0.jar:/Users/admin/.m2/repository/io/cucumber/cucumber-core/7.15.0/cucumber-core-7.15.0.jar:/Users/admin/.m2/repository/io/cucumber/cucumber-gherkin/7.15.0/cucumber-gherkin-7.15.0.jar:/Users/admin/.m2/repository/io/cucumber/cucumber-gherkin-messages/7.15.0/cucumber-gherkin-messages-7.15.0.jar:/Users/admin/.m2/repository/io/cucumber/messages/22.0.0/messages-22.0.0.jar:/Users/admin/.m2/repository/io/cucumber/tag-expressions/6.0.0/tag-expressions-6.0.0.jar:/Users/admin/.m2/repository/io/cucumber/cucumber-expressions/17.0.1/cucumber-expressions-17.0.1.jar:/Users/admin/.m2/repository/io/cucumber/datatable/7.15.0/datatable-7.15.0.jar:/Users/admin/.m2/repository/io/cucumber/cucumber-plugin/7.15.0/cucumber-plugin-7.15.0.jar:/Users/admin/.m2/repository/io/cucumber/docstring/7.15.0/docstring-7.15.0.jar:/Users/admin/.m2/repository/io/cucumber/html-formatter/20.4.0/html-formatter-20.4.0.jar:/Users/admin/.m2/repository/io/cucumber/junit-xml-formatter/0.2.0/junit-xml-formatter-0.2.0.jar:/Users/admin/.m2/repository/io/cucumber/ci-environment/10.0.0/ci-environment-10.0.0.jar:/Users/admin/.m2/repository/io/cucumber/cucumber-junit-platform-engine/7.15.0/cucumber-junit-platform-engine-7.15.0.jar:/Users/admin/.m2/repository/io/swagger/core/v3/swagger-core/2.2.19/swagger-core-2.2.19.jar:/Users/admin/.m2/repository/jakarta/xml/bind/jakarta.xml.bind-api/2.3.2/jakarta.xml.bind-api-2.3.2.jar:/Users/admin/.m2/repository/jakarta/activation/jakarta.activation-api/1.2.1/jakarta.activation-api-1.2.1.jar:/Users/admin/.m2/repository/org/apache/commons/commons-lang3/3.13.0/commons-lang3-3.13.0.jar:/Users/admin/.m2/repository/org/slf4j/slf4j-api/2.0.9/slf4j-api-2.0.9.jar:/Users/admin/.m2/repository/com/fasterxml/jackson/core/jackson-annotations/2.15.2/jackson-annotations-2.15.2.jar:/Users/admin/.m2/repository/com/fasterxml/jackson/core/jackson-databind/2.15.2/jackson-databind-2.15.2.jar:/Users/admin/.m2/repository/com/fasterxml/jackson/core/jackson-core/2.15.2/jackson-core-2.15.2.jar:/Users/admin/.m2/repository/com/fasterxml/jackson/dataformat/jackson-dataformat-yaml/2.15.2/jackson-dataformat-yaml-2.15.2.jar:/Users/admin/.m2/repository/com/fasterxml/jackson/datatype/jackson-datatype-jsr310/2.15.2/jackson-datatype-jsr310-2.15.2.jar:/Users/admin/.m2/repository/io/swagger/core/v3/swagger-annotations/2.2.19/swagger-annotations-2.2.19.jar:/Users/admin/.m2/repository/org/yaml/snakeyaml/2.2/snakeyaml-2.2.jar:/Users/admin/.m2/repository/io/swagger/core/v3/swagger-models/2.2.19/swagger-models-2.2.19.jar:/Users/admin/.m2/repository/io/swagger/parser/v3/swagger-parser/2.1.16/swagger-parser-2.1.16.jar:/Users/admin/.m2/repository/io/swagger/parser/v3/swagger-parser-v2-converter/2.1.16/swagger-parser-v2-converter-2.1.16.jar:/Users/admin/.m2/repository/io/swagger/swagger-core/1.6.11/swagger-core-1.6.11.jar:/Users/admin/.m2/repository/io/swagger/swagger-models/1.6.11/swagger-models-1.6.11.jar:/Users/admin/.m2/repository/io/swagger/swagger-annotations/1.6.11/swagger-annotations-1.6.11.jar:/Users/admin/.m2/repository/io/swagger/swagger-parser/1.0.67/swagger-parser-1.0.67.jar:/Users/admin/.m2/repository/io/swagger/swagger-compat-spec-parser/1.0.67/swagger-compat-spec-parser-1.0.67.jar:/Users/admin/.m2/repository/com/github/java-json-tools/json-patch/1.13/json-patch-1.13.jar:/Users/admin/.m2/repository/io/swagger/parser/v3/swagger-parser-core/2.1.16/swagger-parser-core-2.1.16.jar:/Users/admin/.m2/repository/io/swagger/parser/v3/swagger-parser-v3/2.1.16/swagger-parser-v3-2.1.16.jar:/Users/admin/.m2/repository/io/swagger/parser/v3/swagger-parser-safe-url-resolver/2.1.16/swagger-parser-safe-url-resolver-2.1.16.jar:/Users/admin/.m2/repository/commons-io/commons-io/2.11.0/commons-io-2.11.0.jar:/Users/admin/.m2/repository/jakarta/validation/jakarta.validation-api/3.0.2/jakarta.validation-api-3.0.2.jar:/Users/admin/.m2/repository/io/qameta/allure/allure-cucumber7-jvm/2.24.0/allure-cucumber7-jvm-2.24.0.jar:/Users/admin/.m2/repository/io/qameta/allure/allure-java-commons/2.24.0/allure-java-commons-2.24.0.jar:/Users/admin/.m2/repository/io/qameta/allure/allure-model/2.24.0/allure-model-2.24.0.jar:/Users/admin/.m2/repository/io/cucumber/gherkin/26.2.0/gherkin-26.2.0.jar:/Users/admin/.m2/repository/org/projectlombok/lombok/1.18.30/lombok-1.18.30.jar:"/>
    <property name="sun.cpu.endian" value="little"/>
    <property name="user.home" value="/Users/admin"/>
    <property name="user.language" value="en"/>
    <property name="java.specification.vendor" value="Oracle Corporation"/>
    <property name="java.version.date" value="2023-09-19"/>
    <property name="java.home" value="/usr/local/Cellar/openjdk/21/libexec/openjdk.jdk/Contents/Home"/>
    <property name="file.separator" value="/"/>
    <property name="basedir" value="/Users/admin/VS Code/pet-store-api-taf/pet-store"/>
    <property name="java.vm.compressedOopsMode" value="Zero based"/>
    <property name="line.separator" value="&#10;"/>
    <property name="java.vm.specification.vendor" value="Oracle Corporation"/>
    <property name="java.specification.name" value="Java Platform API Specification"/>
    <property name="apple.awt.application.name" value="ForkedBooter"/>
    <property name="surefire.real.class.path" value="/Users/admin/VS Code/pet-store-api-taf/pet-store/target/surefire/surefirebooter964524126256394452.jar"/>
    <property name="sun.management.compiler" value="HotSpot 64-Bit Tiered Compilers"/>
    <property name="ftp.nonProxyHosts" value="local|*.local|169.254/16|*.169.254/16"/>
    <property name="java.runtime.version" value="21"/>
    <property name="user.name" value="admin"/>
    <property name="stdout.encoding" value="UTF-8"/>
    <property name="path.separator" value=":"/>
    <property name="os.version" value="15.5"/>
    <property name="java.runtime.name" value="OpenJDK Runtime Environment"/>
    <property name="file.encoding" value="UTF-8"/>
    <property name="java.vm.name" value="OpenJDK 64-Bit Server VM"/>
    <property name="java.vendor.version" value="Homebrew"/>
    <property name="localRepository" value="/Users/admin/.m2/repository"/>
    <property name="java.vendor.url.bug" value="https://github.com/Homebrew/homebrew-core/issues"/>
    <property name="java.io.tmpdir" value="/var/folders/c4/ngllgry51rz3kp8mys3hl7nw0000gn/T/"/>
    <property name="java.version" value="21"/>
    <property name="user.dir" value="/Users/admin/VS Code/pet-store-api-taf/pet-store"/>
    <property name="os.arch" value="x86_64"/>
    <property name="java.vm.specification.name" value="Java Virtual Machine Specification"/>
    <property name="native.encoding" value="UTF-8"/>
    <property name="java.library.path" value="/Users/admin/Library/Java/Extensions:/Library/Java/Extensions:/Network/Library/Java/Extensions:/System/Library/Java/Extensions:/usr/lib/java:."/>
    <property name="java.vm.info" value="mixed mode, sharing"/>
    <property name="stderr.encoding" value="UTF-8"/>
    <property name="java.vendor" value="Homebrew"/>
    <property name="java.vm.version" value="21"/>
    <property name="sun.io.unicode.encoding" value="UnicodeBig"/>
    <property name="socksNonProxyHosts" value="local|*.local|169.254/16|*.169.254/16"/>
    <property name="java.class.version" value="65.0"/>
  </properties>
  <testcase name="shouldAnswerWithTrue" classname="zoran.AppTest" time="0.025"/>
</testsuite>